2025-02-12T00:11:21.290+05:30  INFO 22771 --- [dacia] [restartedMain] com.example.dacia.DaciaApplication       : Starting DaciaApplication using Java 17.0.12 with PID 22771 (/Users/userongrid/Downloads/dacia/build/classes/java/main started by userongrid in /Users/userongrid/Downloads/dacia)
2025-02-12T00:11:21.292+05:30  INFO 22771 --- [dacia] [restartedMain] com.example.dacia.DaciaApplication       : No active profile set, falling back to 1 default profile: "default"
2025-02-12T00:11:21.305+05:30  INFO 22771 --- [dacia] [restartedMain] .e.DevToolsPropertyDefaultsPostProcessor : Devtools property defaults active! Set 'spring.devtools.add-properties' to 'false' to disable
2025-02-12T00:11:21.305+05:30  INFO 22771 --- [dacia] [restartedMain] .e.DevToolsPropertyDefaultsPostProcessor : For additional web related logging consider setting the 'logging.level.web' property to 'DEBUG'
2025-02-12T00:11:21.624+05:30  INFO 22771 --- [dacia] [restartedMain] .s.d.r.c.RepositoryConfigurationDelegate : Bootstrapping Spring Data JPA repositories in DEFAULT mode.
2025-02-12T00:11:21.645+05:30  INFO 22771 --- [dacia] [restartedMain] .s.d.r.c.RepositoryConfigurationDelegate : Finished Spring Data repository scanning in 17 ms. Found 5 JPA repository interfaces.
2025-02-12T00:11:21.896+05:30  INFO 22771 --- [dacia] [restartedMain] o.s.b.w.embedded.tomcat.TomcatWebServer  : Tomcat initialized with port 8080 (http)
2025-02-12T00:11:21.901+05:30  INFO 22771 --- [dacia] [restartedMain] o.apache.catalina.core.StandardService   : Starting service [Tomcat]
2025-02-12T00:11:21.901+05:30  INFO 22771 --- [dacia] [restartedMain] o.apache.catalina.core.StandardEngine    : Starting Servlet engine: [Apache Tomcat/10.1.34]
2025-02-12T00:11:21.917+05:30  INFO 22771 --- [dacia] [restartedMain] o.a.c.c.C.[Tomcat].[localhost].[/]       : Initializing Spring embedded WebApplicationContext
2025-02-12T00:11:21.918+05:30  INFO 22771 --- [dacia] [restartedMain] w.s.c.ServletWebServerApplicationContext : Root WebApplicationContext: initialization completed in 612 ms
2025-02-12T00:11:21.978+05:30  INFO 22771 --- [dacia] [restartedMain] o.hibernate.jpa.internal.util.LogHelper  : HHH000204: Processing PersistenceUnitInfo [name: default]
2025-02-12T00:11:22.006+05:30  INFO 22771 --- [dacia] [restartedMain] org.hibernate.Version                    : HHH000412: Hibernate ORM core version 6.6.5.Final
2025-02-12T00:11:22.018+05:30  INFO 22771 --- [dacia] [restartedMain] o.h.c.internal.RegionFactoryInitiator    : HHH000026: Second-level cache disabled
2025-02-12T00:11:22.120+05:30  INFO 22771 --- [dacia] [restartedMain] o.s.o.j.p.SpringPersistenceUnitInfo      : No LoadTimeWeaver setup: ignoring JPA class transformer
2025-02-12T00:11:22.134+05:30  INFO 22771 --- [dacia] [restartedMain] com.zaxxer.hikari.HikariDataSource       : HikariPool-1 - Starting...
2025-02-12T00:11:22.287+05:30  INFO 22771 --- [dacia] [restartedMain] com.zaxxer.hikari.pool.HikariPool        : HikariPool-1 - Added connection com.mysql.cj.jdbc.ConnectionImpl@38040308
2025-02-12T00:11:22.288+05:30  INFO 22771 --- [dacia] [restartedMain] com.zaxxer.hikari.HikariDataSource       : HikariPool-1 - Start completed.
2025-02-12T00:11:22.331+05:30  INFO 22771 --- [dacia] [restartedMain] org.hibernate.orm.connections.pooling    : HHH10001005: Database info:
	Database JDBC URL [Connecting through datasource 'HikariDataSource (HikariPool-1)']
	Database driver: undefined/unknown
	Database version: 8.0.40
	Autocommit mode: undefined/unknown
	Isolation level: undefined/unknown
	Minimum pool size: undefined/unknown
	Maximum pool size: undefined/unknown
2025-02-12T00:11:22.661+05:30  INFO 22771 --- [dacia] [restartedMain] o.h.e.t.j.p.i.JtaPlatformInitiator       : HHH000489: No JTA platform available (set 'hibernate.transaction.jta.platform' to enable JTA platform integration)
2025-02-12T00:11:22.710+05:30  INFO 22771 --- [dacia] [restartedMain] j.LocalContainerEntityManagerFactoryBean : Initialized JPA EntityManagerFactory for persistence unit 'default'
2025-02-12T00:11:22.832+05:30  INFO 22771 --- [dacia] [restartedMain] o.s.d.j.r.query.QueryEnhancerFactory     : Hibernate is in classpath; If applicable, HQL parser will be used.
2025-02-12T00:11:23.376+05:30  INFO 22771 --- [dacia] [restartedMain] eAuthenticationProviderManagerConfigurer : Global AuthenticationManager configured with AuthenticationProvider bean with name authenticationProvider
2025-02-12T00:11:23.376+05:30  WARN 22771 --- [dacia] [restartedMain] r$InitializeUserDetailsManagerConfigurer : Global AuthenticationManager configured with an AuthenticationProvider bean. UserDetailsService beans will not be used by Spring Security for automatically configuring username/password login. Consider removing the AuthenticationProvider bean. Alternatively, consider using the UserDetailsService in a manually instantiated DaoAuthenticationProvider. If the current configuration is intentional, to turn off this warning, increase the logging level of 'org.springframework.security.config.annotation.authentication.configuration.InitializeUserDetailsBeanManagerConfigurer' to ERROR
2025-02-12T00:11:23.414+05:30  WARN 22771 --- [dacia] [restartedMain] JpaBaseConfiguration$JpaWebConfiguration : spring.jpa.open-in-view is enabled by default. Therefore, database queries may be performed during view rendering. Explicitly configure spring.jpa.open-in-view to disable this warning
2025-02-12T00:11:23.514+05:30 DEBUG 22771 --- [dacia] [restartedMain] o.s.s.web.DefaultSecurityFilterChain     : Will secure any request with filters: DisableEncodeUrlFilter, WebAsyncManagerIntegrationFilter, SecurityContextHolderFilter, HeaderWriterFilter, LogoutFilter, JwtAuthenticationFilter, RequestCacheAwareFilter, SecurityContextHolderAwareRequestFilter, AnonymousAuthenticationFilter, SessionManagementFilter, ExceptionTranslationFilter, AuthorizationFilter
2025-02-12T00:11:23.636+05:30  INFO 22771 --- [dacia] [restartedMain] o.s.b.d.a.OptionalLiveReloadServer       : LiveReload server is running on port 35729
2025-02-12T00:11:23.652+05:30  INFO 22771 --- [dacia] [restartedMain] o.s.b.w.embedded.tomcat.TomcatWebServer  : Tomcat started on port 8080 (http) with context path '/'
2025-02-12T00:11:23.659+05:30  INFO 22771 --- [dacia] [restartedMain] com.example.dacia.DaciaApplication       : Started DaciaApplication in 2.503 seconds (process running for 2.793)
2025-02-12T00:11:36.669+05:30  INFO 22771 --- [dacia] [http-nio-8080-exec-1] o.a.c.c.C.[Tomcat].[localhost].[/]       : Initializing Spring DispatcherServlet 'dispatcherServlet'
2025-02-12T00:11:36.669+05:30  INFO 22771 --- [dacia] [http-nio-8080-exec-1] o.s.web.servlet.DispatcherServlet        : Initializing Servlet 'dispatcherServlet'
2025-02-12T00:11:36.671+05:30  INFO 22771 --- [dacia] [http-nio-8080-exec-1] o.s.web.servlet.DispatcherServlet        : Completed initialization in 2 ms
2025-02-12T00:11:36.682+05:30 DEBUG 22771 --- [dacia] [http-nio-8080-exec-1] o.s.security.web.FilterChainProxy        : Securing OPTIONS /api/auth/login
2025-02-12T00:11:36.685+05:30 DEBUG 22771 --- [dacia] [http-nio-8080-exec-1] o.s.s.w.a.AnonymousAuthenticationFilter  : Set SecurityContextHolder to anonymous SecurityContext
2025-02-12T00:11:36.686+05:30 DEBUG 22771 --- [dacia] [http-nio-8080-exec-1] o.s.security.web.FilterChainProxy        : Secured OPTIONS /api/auth/login
2025-02-12T00:11:39.107+05:30 DEBUG 22771 --- [dacia] [http-nio-8080-exec-2] o.s.security.web.FilterChainProxy        : Securing OPTIONS /api/auth/login
2025-02-12T00:11:39.107+05:30 DEBUG 22771 --- [dacia] [http-nio-8080-exec-2] o.s.s.w.a.AnonymousAuthenticationFilter  : Set SecurityContextHolder to anonymous SecurityContext
2025-02-12T00:11:39.108+05:30 DEBUG 22771 --- [dacia] [http-nio-8080-exec-2] o.s.security.web.FilterChainProxy        : Secured OPTIONS /api/auth/login
2025-02-12T00:12:34.951+05:30  INFO 22771 --- [dacia] [SpringApplicationShutdownHook] o.s.b.w.e.tomcat.GracefulShutdown        : Commencing graceful shutdown. Waiting for active requests to complete
2025-02-12T00:12:34.959+05:30  INFO 22771 --- [dacia] [tomcat-shutdown] o.s.b.w.e.tomcat.GracefulShutdown        : Graceful shutdown complete
2025-02-12T00:12:34.970+05:30  INFO 22771 --- [dacia] [SpringApplicationShutdownHook] j.LocalContainerEntityManagerFactoryBean : Closing JPA EntityManagerFactory for persistence unit 'default'
2025-02-12T00:12:34.975+05:30  INFO 22771 --- [dacia] [SpringApplicationShutdownHook] com.zaxxer.hikari.HikariDataSource       : HikariPool-1 - Shutdown initiated...
2025-02-12T00:12:34.980+05:30  INFO 22771 --- [dacia] [SpringApplicationShutdownHook] com.zaxxer.hikari.HikariDataSource       : HikariPool-1 - Shutdown completed.
2025-02-12T00:12:36.848+05:30  INFO 23647 --- [dacia] [restartedMain] com.example.dacia.DaciaApplication       : Starting DaciaApplication using Java 17.0.12 with PID 23647 (/Users/userongrid/Downloads/dacia/build/classes/java/main started by userongrid in /Users/userongrid/Downloads/dacia)
2025-02-12T00:12:36.849+05:30  INFO 23647 --- [dacia] [restartedMain] com.example.dacia.DaciaApplication       : No active profile set, falling back to 1 default profile: "default"
2025-02-12T00:12:36.862+05:30  INFO 23647 --- [dacia] [restartedMain] .e.DevToolsPropertyDefaultsPostProcessor : Devtools property defaults active! Set 'spring.devtools.add-properties' to 'false' to disable
2025-02-12T00:12:36.863+05:30  INFO 23647 --- [dacia] [restartedMain] .e.DevToolsPropertyDefaultsPostProcessor : For additional web related logging consider setting the 'logging.level.web' property to 'DEBUG'
2025-02-12T00:12:37.135+05:30  INFO 23647 --- [dacia] [restartedMain] .s.d.r.c.RepositoryConfigurationDelegate : Bootstrapping Spring Data JPA repositories in DEFAULT mode.
2025-02-12T00:12:37.158+05:30  INFO 23647 --- [dacia] [restartedMain] .s.d.r.c.RepositoryConfigurationDelegate : Finished Spring Data repository scanning in 18 ms. Found 5 JPA repository interfaces.
2025-02-12T00:12:37.335+05:30  INFO 23647 --- [dacia] [restartedMain] o.s.b.w.embedded.tomcat.TomcatWebServer  : Tomcat initialized with port 8080 (http)
2025-02-12T00:12:37.340+05:30  INFO 23647 --- [dacia] [restartedMain] o.apache.catalina.core.StandardService   : Starting service [Tomcat]
2025-02-12T00:12:37.340+05:30  INFO 23647 --- [dacia] [restartedMain] o.apache.catalina.core.StandardEngine    : Starting Servlet engine: [Apache Tomcat/10.1.34]
2025-02-12T00:12:37.365+05:30  INFO 23647 --- [dacia] [restartedMain] o.a.c.c.C.[Tomcat].[localhost].[/]       : Initializing Spring embedded WebApplicationContext
2025-02-12T00:12:37.365+05:30  INFO 23647 --- [dacia] [restartedMain] w.s.c.ServletWebServerApplicationContext : Root WebApplicationContext: initialization completed in 502 ms
2025-02-12T00:12:37.413+05:30  INFO 23647 --- [dacia] [restartedMain] o.hibernate.jpa.internal.util.LogHelper  : HHH000204: Processing PersistenceUnitInfo [name: default]
2025-02-12T00:12:37.430+05:30  INFO 23647 --- [dacia] [restartedMain] org.hibernate.Version                    : HHH000412: Hibernate ORM core version 6.6.5.Final
2025-02-12T00:12:37.440+05:30  INFO 23647 --- [dacia] [restartedMain] o.h.c.internal.RegionFactoryInitiator    : HHH000026: Second-level cache disabled
2025-02-12T00:12:37.522+05:30  INFO 23647 --- [dacia] [restartedMain] o.s.o.j.p.SpringPersistenceUnitInfo      : No LoadTimeWeaver setup: ignoring JPA class transformer
2025-02-12T00:12:37.532+05:30  INFO 23647 --- [dacia] [restartedMain] com.zaxxer.hikari.HikariDataSource       : HikariPool-1 - Starting...
2025-02-12T00:12:37.633+05:30  INFO 23647 --- [dacia] [restartedMain] com.zaxxer.hikari.pool.HikariPool        : HikariPool-1 - Added connection com.mysql.cj.jdbc.ConnectionImpl@7e02ffa0
2025-02-12T00:12:37.634+05:30  INFO 23647 --- [dacia] [restartedMain] com.zaxxer.hikari.HikariDataSource       : HikariPool-1 - Start completed.
2025-02-12T00:12:37.662+05:30  INFO 23647 --- [dacia] [restartedMain] org.hibernate.orm.connections.pooling    : HHH10001005: Database info:
	Database JDBC URL [Connecting through datasource 'HikariDataSource (HikariPool-1)']
	Database driver: undefined/unknown
	Database version: 8.0.40
	Autocommit mode: undefined/unknown
	Isolation level: undefined/unknown
	Minimum pool size: undefined/unknown
	Maximum pool size: undefined/unknown
2025-02-12T00:12:37.981+05:30  INFO 23647 --- [dacia] [restartedMain] o.h.e.t.j.p.i.JtaPlatformInitiator       : HHH000489: No JTA platform available (set 'hibernate.transaction.jta.platform' to enable JTA platform integration)
2025-02-12T00:12:38.018+05:30  INFO 23647 --- [dacia] [restartedMain] j.LocalContainerEntityManagerFactoryBean : Initialized JPA EntityManagerFactory for persistence unit 'default'
2025-02-12T00:12:38.163+05:30  INFO 23647 --- [dacia] [restartedMain] o.s.d.j.r.query.QueryEnhancerFactory     : Hibernate is in classpath; If applicable, HQL parser will be used.
2025-02-12T00:12:38.783+05:30  INFO 23647 --- [dacia] [restartedMain] eAuthenticationProviderManagerConfigurer : Global AuthenticationManager configured with AuthenticationProvider bean with name authenticationProvider
2025-02-12T00:12:38.783+05:30  WARN 23647 --- [dacia] [restartedMain] r$InitializeUserDetailsManagerConfigurer : Global AuthenticationManager configured with an AuthenticationProvider bean. UserDetailsService beans will not be used by Spring Security for automatically configuring username/password login. Consider removing the AuthenticationProvider bean. Alternatively, consider using the UserDetailsService in a manually instantiated DaoAuthenticationProvider. If the current configuration is intentional, to turn off this warning, increase the logging level of 'org.springframework.security.config.annotation.authentication.configuration.InitializeUserDetailsBeanManagerConfigurer' to ERROR
2025-02-12T00:12:38.822+05:30  WARN 23647 --- [dacia] [restartedMain] JpaBaseConfiguration$JpaWebConfiguration : spring.jpa.open-in-view is enabled by default. Therefore, database queries may be performed during view rendering. Explicitly configure spring.jpa.open-in-view to disable this warning
2025-02-12T00:12:38.926+05:30 DEBUG 23647 --- [dacia] [restartedMain] o.s.s.web.DefaultSecurityFilterChain     : Will secure any request with filters: DisableEncodeUrlFilter, WebAsyncManagerIntegrationFilter, SecurityContextHolderFilter, HeaderWriterFilter, LogoutFilter, JwtAuthenticationFilter, RequestCacheAwareFilter, SecurityContextHolderAwareRequestFilter, AnonymousAuthenticationFilter, SessionManagementFilter, ExceptionTranslationFilter, AuthorizationFilter
2025-02-12T00:12:39.019+05:30  INFO 23647 --- [dacia] [restartedMain] o.s.b.d.a.OptionalLiveReloadServer       : LiveReload server is running on port 35729
2025-02-12T00:12:39.037+05:30  INFO 23647 --- [dacia] [restartedMain] o.s.b.w.embedded.tomcat.TomcatWebServer  : Tomcat started on port 8080 (http) with context path '/'
2025-02-12T00:12:39.043+05:30  INFO 23647 --- [dacia] [restartedMain] com.example.dacia.DaciaApplication       : Started DaciaApplication in 2.311 seconds (process running for 2.506)
2025-02-12T00:12:41.274+05:30  INFO 23647 --- [dacia] [http-nio-8080-exec-1] o.a.c.c.C.[Tomcat].[localhost].[/]       : Initializing Spring DispatcherServlet 'dispatcherServlet'
2025-02-12T00:12:41.274+05:30  INFO 23647 --- [dacia] [http-nio-8080-exec-1] o.s.web.servlet.DispatcherServlet        : Initializing Servlet 'dispatcherServlet'
2025-02-12T00:12:41.276+05:30  INFO 23647 --- [dacia] [http-nio-8080-exec-1] o.s.web.servlet.DispatcherServlet        : Completed initialization in 2 ms
2025-02-12T00:12:41.282+05:30 DEBUG 23647 --- [dacia] [http-nio-8080-exec-1] o.s.security.web.FilterChainProxy        : Securing OPTIONS /api/auth/login
2025-02-12T00:12:41.285+05:30 DEBUG 23647 --- [dacia] [http-nio-8080-exec-1] o.s.s.w.a.AnonymousAuthenticationFilter  : Set SecurityContextHolder to anonymous SecurityContext
2025-02-12T00:12:41.286+05:30 DEBUG 23647 --- [dacia] [http-nio-8080-exec-1] o.s.security.web.FilterChainProxy        : Secured OPTIONS /api/auth/login
2025-02-12T00:12:41.294+05:30 DEBUG 23647 --- [dacia] [http-nio-8080-exec-2] o.s.security.web.FilterChainProxy        : Securing POST /api/auth/login
2025-02-12T00:12:41.295+05:30 DEBUG 23647 --- [dacia] [http-nio-8080-exec-2] o.s.s.w.a.AnonymousAuthenticationFilter  : Set SecurityContextHolder to anonymous SecurityContext
2025-02-12T00:12:41.295+05:30 DEBUG 23647 --- [dacia] [http-nio-8080-exec-2] o.s.security.web.FilterChainProxy        : Secured POST /api/auth/login
2025-02-12T00:12:41.367+05:30  WARN 23647 --- [dacia] [http-nio-8080-exec-2] .m.m.a.ExceptionHandlerExceptionResolver : Resolved [org.springframework.web.bind.MethodArgumentNotValidException: Validation failed for argument [0] in public org.springframework.http.ResponseEntity<com.example.dacia.dto.response.AuthenticationResponse> com.example.dacia.controller.AuthenticationController.authenticate(com.example.dacia.dto.request.AuthenticationRequest): [Field error in object 'authenticationRequest' on field 'password': rejected value [Abc@123]; codes [Size.authenticationRequest.password,Size.password,Size.java.lang.String,Size]; arguments [org.springframework.context.support.DefaultMessageSourceResolvable: codes [authenticationRequest.password,password]; arguments []; default message [password],2147483647,8]; default message [password length cannot be less than 8]] ]
2025-02-12T00:13:12.700+05:30 DEBUG 23647 --- [dacia] [http-nio-8080-exec-3] o.s.security.web.FilterChainProxy        : Securing POST /api/auth/login
2025-02-12T00:13:12.701+05:30 DEBUG 23647 --- [dacia] [http-nio-8080-exec-3] o.s.s.w.a.AnonymousAuthenticationFilter  : Set SecurityContextHolder to anonymous SecurityContext
2025-02-12T00:13:12.702+05:30 DEBUG 23647 --- [dacia] [http-nio-8080-exec-3] o.s.security.web.FilterChainProxy        : Secured POST /api/auth/login
2025-02-12T00:13:12.852+05:30  WARN 23647 --- [dacia] [http-nio-8080-exec-3] .m.m.a.ExceptionHandlerExceptionResolver : Resolved [com.example.dacia.exceptionHandler.UnauthorizedException: Wrong password]
2025-02-12T00:13:33.378+05:30 DEBUG 23647 --- [dacia] [http-nio-8080-exec-5] o.s.security.web.FilterChainProxy        : Securing POST /api/auth/login
2025-02-12T00:13:33.379+05:30 DEBUG 23647 --- [dacia] [http-nio-8080-exec-5] o.s.s.w.a.AnonymousAuthenticationFilter  : Set SecurityContextHolder to anonymous SecurityContext
2025-02-12T00:13:33.380+05:30 DEBUG 23647 --- [dacia] [http-nio-8080-exec-5] o.s.security.web.FilterChainProxy        : Secured POST /api/auth/login
2025-02-12T00:34:38.542+05:30  WARN 23647 --- [dacia] [HikariPool-1 housekeeper] com.zaxxer.hikari.pool.HikariPool        : HikariPool-1 - Thread starvation or clock leap detected (housekeeper delta=16m767ms).
2025-02-12T00:51:51.921+05:30  WARN 23647 --- [dacia] [HikariPool-1 housekeeper] com.zaxxer.hikari.pool.HikariPool        : HikariPool-1 - Thread starvation or clock leap detected (housekeeper delta=17m13s379ms).
2025-02-12T00:58:09.484+05:30 DEBUG 23647 --- [dacia] [http-nio-8080-exec-7] o.s.security.web.FilterChainProxy        : Securing POST /api/auth/login
2025-02-12T00:58:09.486+05:30 DEBUG 23647 --- [dacia] [http-nio-8080-exec-7] o.s.s.w.a.AnonymousAuthenticationFilter  : Set SecurityContextHolder to anonymous SecurityContext
2025-02-12T00:58:09.486+05:30 DEBUG 23647 --- [dacia] [http-nio-8080-exec-7] o.s.security.web.FilterChainProxy        : Secured POST /api/auth/login
2025-02-12T00:58:12.088+05:30  INFO 23647 --- [dacia] [scheduling-1] c.e.d.jobs.PasswordResetTokenCleanupJob  : Cleaning up expired tokens
2025-02-12T00:58:12.116+05:30  INFO 23647 --- [dacia] [scheduling-1] c.e.d.jobs.PasswordResetTokenCleanupJob  : Total Expired Tokens Deleted: 0
2025-02-12T00:58:19.873+05:30  WARN 23647 --- [dacia] [HikariPool-1 housekeeper] com.zaxxer.hikari.pool.HikariPool        : HikariPool-1 - Thread starvation or clock leap detected (housekeeper delta=6m27s953ms).
2025-02-12T01:00:00.019+05:30  INFO 23647 --- [dacia] [scheduling-1] c.e.d.jobs.PasswordResetTokenCleanupJob  : Cleaning up expired tokens
2025-02-12T01:00:00.029+05:30  INFO 23647 --- [dacia] [scheduling-1] c.e.d.jobs.PasswordResetTokenCleanupJob  : Total Expired Tokens Deleted: 0
2025-02-12T01:10:00.012+05:30  INFO 23647 --- [dacia] [scheduling-1] c.e.d.jobs.PasswordResetTokenCleanupJob  : Cleaning up expired tokens
2025-02-12T01:10:00.035+05:30  INFO 23647 --- [dacia] [scheduling-1] c.e.d.jobs.PasswordResetTokenCleanupJob  : Total Expired Tokens Deleted: 0
2025-02-12T01:20:00.000+05:30  INFO 23647 --- [dacia] [scheduling-1] c.e.d.jobs.PasswordResetTokenCleanupJob  : Cleaning up expired tokens
2025-02-12T01:20:00.014+05:30  INFO 23647 --- [dacia] [scheduling-1] c.e.d.jobs.PasswordResetTokenCleanupJob  : Total Expired Tokens Deleted: 0
2025-02-12T01:30:00.010+05:30  INFO 23647 --- [dacia] [scheduling-1] c.e.d.jobs.PasswordResetTokenCleanupJob  : Cleaning up expired tokens
2025-02-12T01:30:00.025+05:30  INFO 23647 --- [dacia] [scheduling-1] c.e.d.jobs.PasswordResetTokenCleanupJob  : Total Expired Tokens Deleted: 0
2025-02-12T01:40:00.012+05:30  INFO 23647 --- [dacia] [scheduling-1] c.e.d.jobs.PasswordResetTokenCleanupJob  : Cleaning up expired tokens
2025-02-12T01:40:00.034+05:30  INFO 23647 --- [dacia] [scheduling-1] c.e.d.jobs.PasswordResetTokenCleanupJob  : Total Expired Tokens Deleted: 0
2025-02-12T01:50:00.007+05:30  INFO 23647 --- [dacia] [scheduling-1] c.e.d.jobs.PasswordResetTokenCleanupJob  : Cleaning up expired tokens
2025-02-12T01:50:00.027+05:30  INFO 23647 --- [dacia] [scheduling-1] c.e.d.jobs.PasswordResetTokenCleanupJob  : Total Expired Tokens Deleted: 0
2025-02-12T02:09:22.290+05:30  WARN 23647 --- [dacia] [HikariPool-1 housekeeper] com.zaxxer.hikari.pool.HikariPool        : HikariPool-1 - Thread starvation or clock leap detected (housekeeper delta=13m1s985ms).
2025-02-12T02:25:01.999+05:30  WARN 23647 --- [dacia] [HikariPool-1 housekeeper] com.zaxxer.hikari.pool.HikariPool        : HikariPool-1 - Thread starvation or clock leap detected (housekeeper delta=15m39s710ms).
2025-02-12T03:18:11.059+05:30  WARN 23647 --- [dacia] [HikariPool-1 housekeeper] com.zaxxer.hikari.pool.HikariPool        : HikariPool-1 - Thread starvation or clock leap detected (housekeeper delta=53m9s60ms).
2025-02-12T04:31:29.003+05:30  WARN 23647 --- [dacia] [HikariPool-1 housekeeper] com.zaxxer.hikari.pool.HikariPool        : HikariPool-1 - Thread starvation or clock leap detected (housekeeper delta=1h13m17s944ms).
2025-02-12T04:48:10.315+05:30  WARN 23647 --- [dacia] [HikariPool-1 housekeeper] com.zaxxer.hikari.pool.HikariPool        : HikariPool-1 - Thread starvation or clock leap detected (housekeeper delta=16m41s312ms).
2025-02-12T04:58:45.838+05:30  WARN 23647 --- [dacia] [HikariPool-1 housekeeper] com.zaxxer.hikari.pool.HikariPool        : HikariPool-1 - Thread starvation or clock leap detected (housekeeper delta=10m35s522ms).
2025-02-12T05:15:41.331+05:30  WARN 23647 --- [dacia] [HikariPool-1 housekeeper] com.zaxxer.hikari.pool.HikariPool        : HikariPool-1 - Thread starvation or clock leap detected (housekeeper delta=16m55s494ms).
2025-02-12T05:32:15.582+05:30  INFO 23647 --- [dacia] [scheduling-1] c.e.d.jobs.PasswordResetTokenCleanupJob  : Cleaning up expired tokens
2025-02-12T05:32:15.596+05:30  INFO 23647 --- [dacia] [scheduling-1] c.e.d.jobs.PasswordResetTokenCleanupJob  : Total Expired Tokens Deleted: 0
2025-02-12T05:32:35.954+05:30  WARN 23647 --- [dacia] [HikariPool-1 housekeeper] com.zaxxer.hikari.pool.HikariPool        : HikariPool-1 - Thread starvation or clock leap detected (housekeeper delta=16m54s623ms).
2025-02-12T05:49:11.412+05:30  WARN 23647 --- [dacia] [HikariPool-1 housekeeper] com.zaxxer.hikari.pool.HikariPool        : HikariPool-1 - Thread starvation or clock leap detected (housekeeper delta=16m35s458ms).
2025-02-12T06:16:19.267+05:30  WARN 23647 --- [dacia] [HikariPool-1 housekeeper] com.zaxxer.hikari.pool.HikariPool        : HikariPool-1 - Thread starvation or clock leap detected (housekeeper delta=27m7s855ms).
2025-02-12T06:32:15.052+05:30  WARN 23647 --- [dacia] [HikariPool-1 housekeeper] com.zaxxer.hikari.pool.HikariPool        : HikariPool-1 - Thread starvation or clock leap detected (housekeeper delta=15m55s785ms).
2025-02-12T06:50:07.528+05:30  WARN 23647 --- [dacia] [HikariPool-1 housekeeper] com.zaxxer.hikari.pool.HikariPool        : HikariPool-1 - Thread starvation or clock leap detected (housekeeper delta=17m52s476ms).
2025-02-12T07:17:41.359+05:30  WARN 23647 --- [dacia] [HikariPool-1 housekeeper] com.zaxxer.hikari.pool.HikariPool        : HikariPool-1 - Thread starvation or clock leap detected (housekeeper delta=27m33s831ms).
2025-02-12T07:33:41.115+05:30  WARN 23647 --- [dacia] [HikariPool-1 housekeeper] com.zaxxer.hikari.pool.HikariPool        : HikariPool-1 - Thread starvation or clock leap detected (housekeeper delta=15m59s756ms).
2025-02-12T07:52:08.436+05:30  WARN 23647 --- [dacia] [HikariPool-1 housekeeper] com.zaxxer.hikari.pool.HikariPool        : HikariPool-1 - Thread starvation or clock leap detected (housekeeper delta=18m27s321ms).
2025-02-12T08:01:45.948+05:30  WARN 23647 --- [dacia] [HikariPool-1 housekeeper] com.zaxxer.hikari.pool.HikariPool        : HikariPool-1 - Thread starvation or clock leap detected (housekeeper delta=9m37s512ms).
2025-02-12T08:18:45.421+05:30  WARN 23647 --- [dacia] [HikariPool-1 housekeeper] com.zaxxer.hikari.pool.HikariPool        : HikariPool-1 - Thread starvation or clock leap detected (housekeeper delta=16m59s473ms).
2025-02-12T08:36:20.169+05:30  WARN 23647 --- [dacia] [HikariPool-1 housekeeper] com.zaxxer.hikari.pool.HikariPool        : HikariPool-1 - Thread starvation or clock leap detected (housekeeper delta=17m34s748ms).
2025-02-12T09:29:53.822+05:30  WARN 23647 --- [dacia] [HikariPool-1 housekeeper] com.zaxxer.hikari.pool.HikariPool        : HikariPool-1 - Thread starvation or clock leap detected (housekeeper delta=53m33s653ms).
2025-02-12T09:32:01.436+05:30  WARN 23647 --- [dacia] [HikariPool-1 housekeeper] com.zaxxer.hikari.pool.HikariPool        : HikariPool-1 - Thread starvation or clock leap detected (housekeeper delta=2m7s614ms).
2025-02-12T09:32:10.326+05:30 DEBUG 23647 --- [dacia] [http-nio-8080-exec-9] o.s.security.web.FilterChainProxy        : Securing OPTIONS /api/auth/login
2025-02-12T09:32:10.327+05:30 DEBUG 23647 --- [dacia] [http-nio-8080-exec-9] o.s.s.w.a.AnonymousAuthenticationFilter  : Set SecurityContextHolder to anonymous SecurityContext
2025-02-12T09:32:10.328+05:30 DEBUG 23647 --- [dacia] [http-nio-8080-exec-9] o.s.security.web.FilterChainProxy        : Secured OPTIONS /api/auth/login
2025-02-12T09:32:10.331+05:30 DEBUG 23647 --- [dacia] [http-nio-8080-exec-10] o.s.security.web.FilterChainProxy        : Securing POST /api/auth/login
2025-02-12T09:32:10.331+05:30 DEBUG 23647 --- [dacia] [http-nio-8080-exec-10] o.s.s.w.a.AnonymousAuthenticationFilter  : Set SecurityContextHolder to anonymous SecurityContext
2025-02-12T09:32:10.331+05:30 DEBUG 23647 --- [dacia] [http-nio-8080-exec-10] o.s.security.web.FilterChainProxy        : Secured POST /api/auth/login
2025-02-12T09:33:25.333+05:30  INFO 23647 --- [dacia] [scheduling-1] c.e.d.jobs.PasswordResetTokenCleanupJob  : Cleaning up expired tokens
2025-02-12T09:33:25.346+05:30  INFO 23647 --- [dacia] [scheduling-1] c.e.d.jobs.PasswordResetTokenCleanupJob  : Total Expired Tokens Deleted: 0
2025-02-12T09:40:00.011+05:30  INFO 23647 --- [dacia] [scheduling-1] c.e.d.jobs.PasswordResetTokenCleanupJob  : Cleaning up expired tokens
2025-02-12T09:40:00.029+05:30  INFO 23647 --- [dacia] [scheduling-1] c.e.d.jobs.PasswordResetTokenCleanupJob  : Total Expired Tokens Deleted: 0
2025-02-12T09:49:59.946+05:30  INFO 23647 --- [dacia] [scheduling-1] c.e.d.jobs.PasswordResetTokenCleanupJob  : Cleaning up expired tokens
2025-02-12T09:49:59.970+05:30  INFO 23647 --- [dacia] [scheduling-1] c.e.d.jobs.PasswordResetTokenCleanupJob  : Total Expired Tokens Deleted: 0
2025-02-12T10:00:00.010+05:30  INFO 23647 --- [dacia] [scheduling-1] c.e.d.jobs.PasswordResetTokenCleanupJob  : Cleaning up expired tokens
2025-02-12T10:00:00.030+05:30  INFO 23647 --- [dacia] [scheduling-1] c.e.d.jobs.PasswordResetTokenCleanupJob  : Total Expired Tokens Deleted: 0
2025-02-12T10:09:59.997+05:30  INFO 23647 --- [dacia] [scheduling-1] c.e.d.jobs.PasswordResetTokenCleanupJob  : Cleaning up expired tokens
2025-02-12T10:10:00.032+05:30  INFO 23647 --- [dacia] [scheduling-1] c.e.d.jobs.PasswordResetTokenCleanupJob  : Total Expired Tokens Deleted: 0
2025-02-12T10:20:00.051+05:30  INFO 23647 --- [dacia] [scheduling-1] c.e.d.jobs.PasswordResetTokenCleanupJob  : Cleaning up expired tokens
2025-02-12T10:20:00.064+05:30  INFO 23647 --- [dacia] [scheduling-1] c.e.d.jobs.PasswordResetTokenCleanupJob  : Total Expired Tokens Deleted: 0
2025-02-12T10:30:00.007+05:30  INFO 23647 --- [dacia] [scheduling-1] c.e.d.jobs.PasswordResetTokenCleanupJob  : Cleaning up expired tokens
2025-02-12T10:30:00.018+05:30  INFO 23647 --- [dacia] [scheduling-1] c.e.d.jobs.PasswordResetTokenCleanupJob  : Total Expired Tokens Deleted: 0
2025-02-12T10:40:00.002+05:30  INFO 23647 --- [dacia] [scheduling-1] c.e.d.jobs.PasswordResetTokenCleanupJob  : Cleaning up expired tokens
2025-02-12T10:40:00.022+05:30  INFO 23647 --- [dacia] [scheduling-1] c.e.d.jobs.PasswordResetTokenCleanupJob  : Total Expired Tokens Deleted: 0
2025-02-12T10:49:59.987+05:30  INFO 23647 --- [dacia] [scheduling-1] c.e.d.jobs.PasswordResetTokenCleanupJob  : Cleaning up expired tokens
2025-02-12T10:50:00.010+05:30  INFO 23647 --- [dacia] [scheduling-1] c.e.d.jobs.PasswordResetTokenCleanupJob  : Total Expired Tokens Deleted: 0
2025-02-12T11:00:00.005+05:30  INFO 23647 --- [dacia] [scheduling-1] c.e.d.jobs.PasswordResetTokenCleanupJob  : Cleaning up expired tokens
2025-02-12T11:00:00.022+05:30  INFO 23647 --- [dacia] [scheduling-1] c.e.d.jobs.PasswordResetTokenCleanupJob  : Total Expired Tokens Deleted: 0
2025-02-12T11:10:00.065+05:30  INFO 23647 --- [dacia] [scheduling-1] c.e.d.jobs.PasswordResetTokenCleanupJob  : Cleaning up expired tokens
2025-02-12T11:10:00.083+05:30  INFO 23647 --- [dacia] [scheduling-1] c.e.d.jobs.PasswordResetTokenCleanupJob  : Total Expired Tokens Deleted: 0
2025-02-12T11:20:00.051+05:30  INFO 23647 --- [dacia] [scheduling-1] c.e.d.jobs.PasswordResetTokenCleanupJob  : Cleaning up expired tokens
2025-02-12T11:20:00.068+05:30  INFO 23647 --- [dacia] [scheduling-1] c.e.d.jobs.PasswordResetTokenCleanupJob  : Total Expired Tokens Deleted: 0
2025-02-12T11:30:00.012+05:30  INFO 23647 --- [dacia] [scheduling-1] c.e.d.jobs.PasswordResetTokenCleanupJob  : Cleaning up expired tokens
2025-02-12T11:30:00.029+05:30  INFO 23647 --- [dacia] [scheduling-1] c.e.d.jobs.PasswordResetTokenCleanupJob  : Total Expired Tokens Deleted: 0
2025-02-12T11:40:00.016+05:30  INFO 23647 --- [dacia] [scheduling-1] c.e.d.jobs.PasswordResetTokenCleanupJob  : Cleaning up expired tokens
2025-02-12T11:40:00.034+05:30  INFO 23647 --- [dacia] [scheduling-1] c.e.d.jobs.PasswordResetTokenCleanupJob  : Total Expired Tokens Deleted: 0
2025-02-12T11:50:01.947+05:30  WARN 23647 --- [dacia] [HikariPool-1 housekeeper] com.zaxxer.hikari.pool.HikariPool        : HikariPool-1 - Thread starvation or clock leap detected (housekeeper delta=59s550ms).
2025-02-12T11:50:29.548+05:30  INFO 23647 --- [dacia] [scheduling-1] c.e.d.jobs.PasswordResetTokenCleanupJob  : Cleaning up expired tokens
2025-02-12T11:50:29.562+05:30  INFO 23647 --- [dacia] [scheduling-1] c.e.d.jobs.PasswordResetTokenCleanupJob  : Total Expired Tokens Deleted: 0
2025-02-12T11:54:03.950+05:30  WARN 23647 --- [dacia] [HikariPool-1 housekeeper] com.zaxxer.hikari.pool.HikariPool        : HikariPool-1 - Thread starvation or clock leap detected (housekeeper delta=3m32s).
2025-02-12T12:10:32.052+05:30  WARN 23647 --- [dacia] [HikariPool-1 housekeeper] com.zaxxer.hikari.pool.HikariPool        : HikariPool-1 - Thread starvation or clock leap detected (housekeeper delta=15m27s979ms).
2025-02-12T12:19:05.622+05:30  WARN 23647 --- [dacia] [HikariPool-1 housekeeper] com.zaxxer.hikari.pool.HikariPool        : HikariPool-1 - Thread starvation or clock leap detected (housekeeper delta=7m33s548ms).
2025-02-12T12:25:03.648+05:30  INFO 23647 --- [dacia] [scheduling-1] c.e.d.jobs.PasswordResetTokenCleanupJob  : Cleaning up expired tokens
2025-02-12T12:25:03.675+05:30  INFO 23647 --- [dacia] [scheduling-1] c.e.d.jobs.PasswordResetTokenCleanupJob  : Total Expired Tokens Deleted: 0
2025-02-12T12:29:03.402+05:30 DEBUG 23647 --- [dacia] [http-nio-8080-exec-2] o.s.security.web.FilterChainProxy        : Securing OPTIONS /api/auth/login
2025-02-12T12:29:03.404+05:30 DEBUG 23647 --- [dacia] [http-nio-8080-exec-2] o.s.s.w.a.AnonymousAuthenticationFilter  : Set SecurityContextHolder to anonymous SecurityContext
2025-02-12T12:29:03.404+05:30 DEBUG 23647 --- [dacia] [http-nio-8080-exec-2] o.s.security.web.FilterChainProxy        : Secured OPTIONS /api/auth/login
2025-02-12T12:29:06.864+05:30 DEBUG 23647 --- [dacia] [http-nio-8080-exec-3] o.s.security.web.FilterChainProxy        : Securing OPTIONS /api/auth/login
2025-02-12T12:29:06.865+05:30 DEBUG 23647 --- [dacia] [http-nio-8080-exec-3] o.s.s.w.a.AnonymousAuthenticationFilter  : Set SecurityContextHolder to anonymous SecurityContext
2025-02-12T12:29:06.865+05:30 DEBUG 23647 --- [dacia] [http-nio-8080-exec-3] o.s.security.web.FilterChainProxy        : Secured OPTIONS /api/auth/login
2025-02-12T12:30:00.013+05:30  INFO 23647 --- [dacia] [scheduling-1] c.e.d.jobs.PasswordResetTokenCleanupJob  : Cleaning up expired tokens
2025-02-12T12:30:00.021+05:30  INFO 23647 --- [dacia] [scheduling-1] c.e.d.jobs.PasswordResetTokenCleanupJob  : Total Expired Tokens Deleted: 0
2025-02-12T12:30:04.556+05:30  INFO 23647 --- [dacia] [File Watcher] rtingClassPathChangeChangedEventListener : Restarting due to 1 class path change (0 additions, 0 deletions, 1 modification)
2025-02-12T12:30:04.570+05:30  INFO 23647 --- [dacia] [Thread-6] o.s.b.w.e.tomcat.GracefulShutdown        : Commencing graceful shutdown. Waiting for active requests to complete
2025-02-12T12:30:04.578+05:30  INFO 23647 --- [dacia] [tomcat-shutdown] o.s.b.w.e.tomcat.GracefulShutdown        : Graceful shutdown complete
2025-02-12T12:30:04.584+05:30  INFO 23647 --- [dacia] [Thread-6] j.LocalContainerEntityManagerFactoryBean : Closing JPA EntityManagerFactory for persistence unit 'default'
2025-02-12T12:30:04.586+05:30  INFO 23647 --- [dacia] [Thread-6] com.zaxxer.hikari.HikariDataSource       : HikariPool-1 - Shutdown initiated...
2025-02-12T12:30:04.591+05:30  INFO 23647 --- [dacia] [Thread-6] com.zaxxer.hikari.HikariDataSource       : HikariPool-1 - Shutdown completed.
2025-02-12T12:30:04.642+05:30  INFO 23647 --- [dacia] [restartedMain] com.example.dacia.DaciaApplication       : Starting DaciaApplication using Java 17.0.12 with PID 23647 (/Users/userongrid/Downloads/dacia/build/classes/java/main started by userongrid in /Users/userongrid/Downloads/dacia)
2025-02-12T12:30:04.642+05:30  INFO 23647 --- [dacia] [restartedMain] com.example.dacia.DaciaApplication       : No active profile set, falling back to 1 default profile: "default"
2025-02-12T12:30:04.731+05:30  INFO 23647 --- [dacia] [restartedMain] .s.d.r.c.RepositoryConfigurationDelegate : Bootstrapping Spring Data JPA repositories in DEFAULT mode.
2025-02-12T12:30:04.736+05:30  INFO 23647 --- [dacia] [restartedMain] .s.d.r.c.RepositoryConfigurationDelegate : Finished Spring Data repository scanning in 5 ms. Found 5 JPA repository interfaces.
2025-02-12T12:30:04.781+05:30  INFO 23647 --- [dacia] [restartedMain] o.s.b.w.embedded.tomcat.TomcatWebServer  : Tomcat initialized with port 8080 (http)
2025-02-12T12:30:04.782+05:30  INFO 23647 --- [dacia] [restartedMain] o.apache.catalina.core.StandardService   : Starting service [Tomcat]
2025-02-12T12:30:04.782+05:30  INFO 23647 --- [dacia] [restartedMain] o.apache.catalina.core.StandardEngine    : Starting Servlet engine: [Apache Tomcat/10.1.34]
2025-02-12T12:30:04.786+05:30  INFO 23647 --- [dacia] [restartedMain] o.a.c.c.C.[Tomcat].[localhost].[/]       : Initializing Spring embedded WebApplicationContext
2025-02-12T12:30:04.786+05:30  INFO 23647 --- [dacia] [restartedMain] w.s.c.ServletWebServerApplicationContext : Root WebApplicationContext: initialization completed in 143 ms
2025-02-12T12:30:04.800+05:30  INFO 23647 --- [dacia] [restartedMain] o.hibernate.jpa.internal.util.LogHelper  : HHH000204: Processing PersistenceUnitInfo [name: default]
2025-02-12T12:30:04.801+05:30  INFO 23647 --- [dacia] [restartedMain] o.h.c.internal.RegionFactoryInitiator    : HHH000026: Second-level cache disabled
2025-02-12T12:30:04.804+05:30  INFO 23647 --- [dacia] [restartedMain] o.s.o.j.p.SpringPersistenceUnitInfo      : No LoadTimeWeaver setup: ignoring JPA class transformer
2025-02-12T12:30:04.805+05:30  INFO 23647 --- [dacia] [restartedMain] com.zaxxer.hikari.HikariDataSource       : HikariPool-2 - Starting...
2025-02-12T12:30:04.826+05:30  INFO 23647 --- [dacia] [restartedMain] com.zaxxer.hikari.pool.HikariPool        : HikariPool-2 - Added connection com.mysql.cj.jdbc.ConnectionImpl@26efce30
2025-02-12T12:30:04.826+05:30  INFO 23647 --- [dacia] [restartedMain] com.zaxxer.hikari.HikariDataSource       : HikariPool-2 - Start completed.
2025-02-12T12:30:04.827+05:30  INFO 23647 --- [dacia] [restartedMain] org.hibernate.orm.connections.pooling    : HHH10001005: Database info:
	Database JDBC URL [Connecting through datasource 'HikariDataSource (HikariPool-2)']
	Database driver: undefined/unknown
	Database version: 8.0.40
	Autocommit mode: undefined/unknown
	Isolation level: undefined/unknown
	Minimum pool size: undefined/unknown
	Maximum pool size: undefined/unknown
2025-02-12T12:30:04.867+05:30  INFO 23647 --- [dacia] [restartedMain] o.h.e.t.j.p.i.JtaPlatformInitiator       : HHH000489: No JTA platform available (set 'hibernate.transaction.jta.platform' to enable JTA platform integration)
2025-02-12T12:30:04.902+05:30  INFO 23647 --- [dacia] [restartedMain] j.LocalContainerEntityManagerFactoryBean : Initialized JPA EntityManagerFactory for persistence unit 'default'
2025-02-12T12:30:04.958+05:30  INFO 23647 --- [dacia] [restartedMain] eAuthenticationProviderManagerConfigurer : Global AuthenticationManager configured with AuthenticationProvider bean with name authenticationProvider
2025-02-12T12:30:04.958+05:30  WARN 23647 --- [dacia] [restartedMain] r$InitializeUserDetailsManagerConfigurer : Global AuthenticationManager configured with an AuthenticationProvider bean. UserDetailsService beans will not be used by Spring Security for automatically configuring username/password login. Consider removing the AuthenticationProvider bean. Alternatively, consider using the UserDetailsService in a manually instantiated DaoAuthenticationProvider. If the current configuration is intentional, to turn off this warning, increase the logging level of 'org.springframework.security.config.annotation.authentication.configuration.InitializeUserDetailsBeanManagerConfigurer' to ERROR
2025-02-12T12:30:04.968+05:30  WARN 23647 --- [dacia] [restartedMain] JpaBaseConfiguration$JpaWebConfiguration : spring.jpa.open-in-view is enabled by default. Therefore, database queries may be performed during view rendering. Explicitly configure spring.jpa.open-in-view to disable this warning
2025-02-12T12:30:05.001+05:30 DEBUG 23647 --- [dacia] [restartedMain] o.s.s.web.DefaultSecurityFilterChain     : Will secure any request with filters: DisableEncodeUrlFilter, WebAsyncManagerIntegrationFilter, SecurityContextHolderFilter, HeaderWriterFilter, LogoutFilter, JwtAuthenticationFilter, RequestCacheAwareFilter, SecurityContextHolderAwareRequestFilter, AnonymousAuthenticationFilter, SessionManagementFilter, ExceptionTranslationFilter, AuthorizationFilter
2025-02-12T12:30:05.045+05:30  INFO 23647 --- [dacia] [restartedMain] o.s.b.d.a.OptionalLiveReloadServer       : LiveReload server is running on port 35729
2025-02-12T12:30:05.051+05:30  INFO 23647 --- [dacia] [restartedMain] o.s.b.w.embedded.tomcat.TomcatWebServer  : Tomcat started on port 8080 (http) with context path '/'
2025-02-12T12:30:05.054+05:30  INFO 23647 --- [dacia] [restartedMain] com.example.dacia.DaciaApplication       : Started DaciaApplication in 0.423 seconds (process running for 13682.466)
2025-02-12T12:30:05.054+05:30  INFO 23647 --- [dacia] [SpringApplicationShutdownHook] o.s.b.w.e.tomcat.GracefulShutdown        : Commencing graceful shutdown. Waiting for active requests to complete
2025-02-12T12:30:05.055+05:30  INFO 23647 --- [dacia] [restartedMain] .ConditionEvaluationDeltaLoggingListener : Condition evaluation unchanged
2025-02-12T12:30:05.055+05:30  INFO 23647 --- [dacia] [tomcat-shutdown] o.s.b.w.e.tomcat.GracefulShutdown        : Graceful shutdown complete
2025-02-12T12:30:05.056+05:30  INFO 23647 --- [dacia] [SpringApplicationShutdownHook] j.LocalContainerEntityManagerFactoryBean : Closing JPA EntityManagerFactory for persistence unit 'default'
2025-02-12T12:30:05.056+05:30  INFO 23647 --- [dacia] [SpringApplicationShutdownHook] com.zaxxer.hikari.HikariDataSource       : HikariPool-2 - Shutdown initiated...
2025-02-12T12:30:05.089+05:30  INFO 23647 --- [dacia] [SpringApplicationShutdownHook] com.zaxxer.hikari.HikariDataSource       : HikariPool-2 - Shutdown completed.
2025-02-12T12:30:07.384+05:30  INFO 74150 --- [dacia] [restartedMain] com.example.dacia.DaciaApplication       : Starting DaciaApplication using Java 17.0.12 with PID 74150 (/Users/userongrid/Downloads/dacia/build/classes/java/main started by userongrid in /Users/userongrid/Downloads/dacia)
2025-02-12T12:30:07.386+05:30  INFO 74150 --- [dacia] [restartedMain] com.example.dacia.DaciaApplication       : No active profile set, falling back to 1 default profile: "default"
2025-02-12T12:30:07.434+05:30  INFO 74150 --- [dacia] [restartedMain] .e.DevToolsPropertyDefaultsPostProcessor : Devtools property defaults active! Set 'spring.devtools.add-properties' to 'false' to disable
2025-02-12T12:30:07.434+05:30  INFO 74150 --- [dacia] [restartedMain] .e.DevToolsPropertyDefaultsPostProcessor : For additional web related logging consider setting the 'logging.level.web' property to 'DEBUG'
2025-02-12T12:30:07.841+05:30  INFO 74150 --- [dacia] [restartedMain] .s.d.r.c.RepositoryConfigurationDelegate : Bootstrapping Spring Data JPA repositories in DEFAULT mode.
2025-02-12T12:30:07.863+05:30  INFO 74150 --- [dacia] [restartedMain] .s.d.r.c.RepositoryConfigurationDelegate : Finished Spring Data repository scanning in 18 ms. Found 5 JPA repository interfaces.
2025-02-12T12:30:08.053+05:30  INFO 74150 --- [dacia] [restartedMain] o.s.b.w.embedded.tomcat.TomcatWebServer  : Tomcat initialized with port 8080 (http)
2025-02-12T12:30:08.058+05:30  INFO 74150 --- [dacia] [restartedMain] o.apache.catalina.core.StandardService   : Starting service [Tomcat]
2025-02-12T12:30:08.058+05:30  INFO 74150 --- [dacia] [restartedMain] o.apache.catalina.core.StandardEngine    : Starting Servlet engine: [Apache Tomcat/10.1.34]
2025-02-12T12:30:08.073+05:30  INFO 74150 --- [dacia] [restartedMain] o.a.c.c.C.[Tomcat].[localhost].[/]       : Initializing Spring embedded WebApplicationContext
2025-02-12T12:30:08.073+05:30  INFO 74150 --- [dacia] [restartedMain] w.s.c.ServletWebServerApplicationContext : Root WebApplicationContext: initialization completed in 638 ms
2025-02-12T12:30:08.115+05:30  INFO 74150 --- [dacia] [restartedMain] o.hibernate.jpa.internal.util.LogHelper  : HHH000204: Processing PersistenceUnitInfo [name: default]
2025-02-12T12:30:08.136+05:30  INFO 74150 --- [dacia] [restartedMain] org.hibernate.Version                    : HHH000412: Hibernate ORM core version 6.6.5.Final
2025-02-12T12:30:08.148+05:30  INFO 74150 --- [dacia] [restartedMain] o.h.c.internal.RegionFactoryInitiator    : HHH000026: Second-level cache disabled
2025-02-12T12:30:08.251+05:30  INFO 74150 --- [dacia] [restartedMain] o.s.o.j.p.SpringPersistenceUnitInfo      : No LoadTimeWeaver setup: ignoring JPA class transformer
2025-02-12T12:30:08.262+05:30  INFO 74150 --- [dacia] [restartedMain] com.zaxxer.hikari.HikariDataSource       : HikariPool-1 - Starting...
2025-02-12T12:30:08.403+05:30  INFO 74150 --- [dacia] [restartedMain] com.zaxxer.hikari.pool.HikariPool        : HikariPool-1 - Added connection com.mysql.cj.jdbc.ConnectionImpl@454d31d1
2025-02-12T12:30:08.404+05:30  INFO 74150 --- [dacia] [restartedMain] com.zaxxer.hikari.HikariDataSource       : HikariPool-1 - Start completed.
2025-02-12T12:30:08.438+05:30  INFO 74150 --- [dacia] [restartedMain] org.hibernate.orm.connections.pooling    : HHH10001005: Database info:
	Database JDBC URL [Connecting through datasource 'HikariDataSource (HikariPool-1)']
	Database driver: undefined/unknown
	Database version: 8.0.40
	Autocommit mode: undefined/unknown
	Isolation level: undefined/unknown
	Minimum pool size: undefined/unknown
	Maximum pool size: undefined/unknown
2025-02-12T12:30:08.784+05:30  INFO 74150 --- [dacia] [restartedMain] o.h.e.t.j.p.i.JtaPlatformInitiator       : HHH000489: No JTA platform available (set 'hibernate.transaction.jta.platform' to enable JTA platform integration)
2025-02-12T12:30:08.823+05:30  INFO 74150 --- [dacia] [restartedMain] j.LocalContainerEntityManagerFactoryBean : Initialized JPA EntityManagerFactory for persistence unit 'default'
2025-02-12T12:30:08.948+05:30  INFO 74150 --- [dacia] [restartedMain] o.s.d.j.r.query.QueryEnhancerFactory     : Hibernate is in classpath; If applicable, HQL parser will be used.
2025-02-12T12:30:09.513+05:30  INFO 74150 --- [dacia] [restartedMain] eAuthenticationProviderManagerConfigurer : Global AuthenticationManager configured with AuthenticationProvider bean with name authenticationProvider
2025-02-12T12:30:09.513+05:30  WARN 74150 --- [dacia] [restartedMain] r$InitializeUserDetailsManagerConfigurer : Global AuthenticationManager configured with an AuthenticationProvider bean. UserDetailsService beans will not be used by Spring Security for automatically configuring username/password login. Consider removing the AuthenticationProvider bean. Alternatively, consider using the UserDetailsService in a manually instantiated DaoAuthenticationProvider. If the current configuration is intentional, to turn off this warning, increase the logging level of 'org.springframework.security.config.annotation.authentication.configuration.InitializeUserDetailsBeanManagerConfigurer' to ERROR
2025-02-12T12:30:09.545+05:30  WARN 74150 --- [dacia] [restartedMain] JpaBaseConfiguration$JpaWebConfiguration : spring.jpa.open-in-view is enabled by default. Therefore, database queries may be performed during view rendering. Explicitly configure spring.jpa.open-in-view to disable this warning
2025-02-12T12:30:09.642+05:30 DEBUG 74150 --- [dacia] [restartedMain] o.s.s.web.DefaultSecurityFilterChain     : Will secure any request with filters: DisableEncodeUrlFilter, WebAsyncManagerIntegrationFilter, SecurityContextHolderFilter, HeaderWriterFilter, LogoutFilter, JwtAuthenticationFilter, RequestCacheAwareFilter, SecurityContextHolderAwareRequestFilter, AnonymousAuthenticationFilter, SessionManagementFilter, ExceptionTranslationFilter, AuthorizationFilter
2025-02-12T12:30:09.741+05:30  INFO 74150 --- [dacia] [restartedMain] o.s.b.d.a.OptionalLiveReloadServer       : LiveReload server is running on port 35729
2025-02-12T12:30:09.758+05:30  INFO 74150 --- [dacia] [restartedMain] o.s.b.w.embedded.tomcat.TomcatWebServer  : Tomcat started on port 8080 (http) with context path '/'
2025-02-12T12:30:09.764+05:30  INFO 74150 --- [dacia] [restartedMain] com.example.dacia.DaciaApplication       : Started DaciaApplication in 2.593 seconds (process running for 2.844)
2025-02-12T12:30:10.401+05:30  INFO 74150 --- [dacia] [http-nio-8080-exec-1] o.a.c.c.C.[Tomcat].[localhost].[/]       : Initializing Spring DispatcherServlet 'dispatcherServlet'
2025-02-12T12:30:10.402+05:30  INFO 74150 --- [dacia] [http-nio-8080-exec-1] o.s.web.servlet.DispatcherServlet        : Initializing Servlet 'dispatcherServlet'
2025-02-12T12:30:10.404+05:30  INFO 74150 --- [dacia] [http-nio-8080-exec-1] o.s.web.servlet.DispatcherServlet        : Completed initialization in 1 ms
2025-02-12T12:30:10.412+05:30 DEBUG 74150 --- [dacia] [http-nio-8080-exec-1] o.s.security.web.FilterChainProxy        : Securing OPTIONS /api/auth/login
2025-02-12T12:30:10.415+05:30 DEBUG 74150 --- [dacia] [http-nio-8080-exec-1] o.s.s.w.a.AnonymousAuthenticationFilter  : Set SecurityContextHolder to anonymous SecurityContext
2025-02-12T12:30:10.416+05:30 DEBUG 74150 --- [dacia] [http-nio-8080-exec-1] o.s.security.web.FilterChainProxy        : Secured OPTIONS /api/auth/login
2025-02-12T12:30:10.429+05:30 DEBUG 74150 --- [dacia] [http-nio-8080-exec-2] o.s.security.web.FilterChainProxy        : Securing POST /api/auth/login
2025-02-12T12:30:10.430+05:30 DEBUG 74150 --- [dacia] [http-nio-8080-exec-2] o.s.s.w.a.AnonymousAuthenticationFilter  : Set SecurityContextHolder to anonymous SecurityContext
2025-02-12T12:30:10.430+05:30 DEBUG 74150 --- [dacia] [http-nio-8080-exec-2] o.s.security.web.FilterChainProxy        : Secured POST /api/auth/login
2025-02-12T12:40:00.047+05:30  INFO 74150 --- [dacia] [scheduling-1] c.e.d.jobs.PasswordResetTokenCleanupJob  : Cleaning up expired tokens
2025-02-12T12:40:00.077+05:30  INFO 74150 --- [dacia] [scheduling-1] c.e.d.jobs.PasswordResetTokenCleanupJob  : Total Expired Tokens Deleted: 0
2025-02-12T12:49:59.963+05:30  INFO 74150 --- [dacia] [scheduling-1] c.e.d.jobs.PasswordResetTokenCleanupJob  : Cleaning up expired tokens
2025-02-12T12:49:59.984+05:30  INFO 74150 --- [dacia] [scheduling-1] c.e.d.jobs.PasswordResetTokenCleanupJob  : Total Expired Tokens Deleted: 0
2025-02-12T13:00:00.022+05:30  INFO 74150 --- [dacia] [scheduling-1] c.e.d.jobs.PasswordResetTokenCleanupJob  : Cleaning up expired tokens
2025-02-12T13:00:00.031+05:30  INFO 74150 --- [dacia] [scheduling-1] c.e.d.jobs.PasswordResetTokenCleanupJob  : Total Expired Tokens Deleted: 0
2025-02-12T13:10:00.014+05:30  INFO 74150 --- [dacia] [scheduling-1] c.e.d.jobs.PasswordResetTokenCleanupJob  : Cleaning up expired tokens
2025-02-12T13:10:00.028+05:30  INFO 74150 --- [dacia] [scheduling-1] c.e.d.jobs.PasswordResetTokenCleanupJob  : Total Expired Tokens Deleted: 0
2025-02-12T13:16:46.572+05:30 DEBUG 74150 --- [dacia] [http-nio-8080-exec-4] o.s.security.web.FilterChainProxy        : Securing POST /api/auth/login
2025-02-12T13:16:46.574+05:30 DEBUG 74150 --- [dacia] [http-nio-8080-exec-4] o.s.s.w.a.AnonymousAuthenticationFilter  : Set SecurityContextHolder to anonymous SecurityContext
2025-02-12T13:16:46.575+05:30 DEBUG 74150 --- [dacia] [http-nio-8080-exec-4] o.s.security.web.FilterChainProxy        : Secured POST /api/auth/login
2025-02-12T13:19:59.994+05:30  INFO 74150 --- [dacia] [scheduling-1] c.e.d.jobs.PasswordResetTokenCleanupJob  : Cleaning up expired tokens
2025-02-12T13:20:00.012+05:30  INFO 74150 --- [dacia] [scheduling-1] c.e.d.jobs.PasswordResetTokenCleanupJob  : Total Expired Tokens Deleted: 0
2025-02-12T13:29:59.997+05:30  INFO 74150 --- [dacia] [scheduling-1] c.e.d.jobs.PasswordResetTokenCleanupJob  : Cleaning up expired tokens
2025-02-12T13:30:00.009+05:30  INFO 74150 --- [dacia] [scheduling-1] c.e.d.jobs.PasswordResetTokenCleanupJob  : Total Expired Tokens Deleted: 0
2025-02-12T13:40:00.009+05:30  INFO 74150 --- [dacia] [scheduling-1] c.e.d.jobs.PasswordResetTokenCleanupJob  : Cleaning up expired tokens
2025-02-12T13:40:00.030+05:30  INFO 74150 --- [dacia] [scheduling-1] c.e.d.jobs.PasswordResetTokenCleanupJob  : Total Expired Tokens Deleted: 0
